{"C:\\projects-js\\route-params-resolver\\src\\helpers.ts": {"path":"C:\\projects-js\\route-params-resolver\\src\\helpers.ts","statementMap":{"0":{"start":{"line":10,"column":0},"end":{"line":10,"column":16}},"1":{"start":{"line":49,"column":0},"end":{"line":49,"column":16}},"2":{"start":{"line":68,"column":0},"end":{"line":68,"column":16}},"3":{"start":{"line":3,"column":47},"end":{"line":3,"column":56}},"4":{"start":{"line":4,"column":35},"end":{"line":4,"column":46}},"5":{"start":{"line":6,"column":1},"end":{"line":6,"column":61}},"6":{"start":{"line":8,"column":25},"end":{"line":8,"column":35}},"7":{"start":{"line":16,"column":14},"end":{"line":16,"column":15}},"8":{"start":{"line":17,"column":1},"end":{"line":39,"column":2}},"9":{"start":{"line":18,"column":16},"end":{"line":18,"column":37}},"10":{"start":{"line":19,"column":2},"end":{"line":38,"column":3}},"11":{"start":{"line":19,"column":20},"end":{"line":19,"column":31}},"12":{"start":{"line":19,"column":40},"end":{"line":19,"column":53}},"13":{"start":{"line":20,"column":15},"end":{"line":20,"column":39}},"14":{"start":{"line":21,"column":22},"end":{"line":21,"column":43}},"15":{"start":{"line":22,"column":3},"end":{"line":22,"column":52}},"16":{"start":{"line":22,"column":22},"end":{"line":22,"column":51}},"17":{"start":{"line":23,"column":18},"end":{"line":23,"column":56}},"18":{"start":{"line":24,"column":3},"end":{"line":24,"column":55}},"19":{"start":{"line":24,"column":45},"end":{"line":24,"column":53}},"20":{"start":{"line":25,"column":15},"end":{"line":25,"column":29}},"21":{"start":{"line":26,"column":3},"end":{"line":29,"column":4}},"22":{"start":{"line":27,"column":4},"end":{"line":27,"column":13}},"23":{"start":{"line":28,"column":4},"end":{"line":28,"column":10}},"24":{"start":{"line":30,"column":14},"end":{"line":30,"column":25}},"25":{"start":{"line":31,"column":3},"end":{"line":31,"column":56}},"26":{"start":{"line":31,"column":35},"end":{"line":31,"column":55}},"27":{"start":{"line":32,"column":3},"end":{"line":32,"column":54}},"28":{"start":{"line":32,"column":33},"end":{"line":32,"column":53}},"29":{"start":{"line":33,"column":3},"end":{"line":36,"column":4}},"30":{"start":{"line":34,"column":4},"end":{"line":34,"column":13}},"31":{"start":{"line":35,"column":4},"end":{"line":35,"column":10}},"32":{"start":{"line":37,"column":3},"end":{"line":37,"column":82}},"33":{"start":{"line":42,"column":30},"end":{"line":47,"column":3}},"34":{"start":{"line":42,"column":73},"end":{"line":46,"column":null}},"35":{"start":{"line":44,"column":12},"end":{"line":46,"column":4}},"36":{"start":{"line":42,"column":13},"end":{"line":42,"column":30}},"37":{"start":{"line":54,"column":15},"end":{"line":54,"column":27}},"38":{"start":{"line":55,"column":12},"end":{"line":55,"column":21}},"39":{"start":{"line":56,"column":1},"end":{"line":56,"column":30}},"40":{"start":{"line":57,"column":1},"end":{"line":59,"column":2}},"41":{"start":{"line":57,"column":14},"end":{"line":57,"column":15}},"42":{"start":{"line":58,"column":2},"end":{"line":58,"column":49}},"43":{"start":{"line":60,"column":17},"end":{"line":60,"column":28}},"44":{"start":{"line":61,"column":1},"end":{"line":61,"column":45}},"45":{"start":{"line":62,"column":1},"end":{"line":64,"column":9}},"46":{"start":{"line":69,"column":12},"end":{"line":69,"column":37}},"47":{"start":{"line":70,"column":1},"end":{"line":76,"column":2}},"48":{"start":{"line":71,"column":16},"end":{"line":71,"column":20}},"49":{"start":{"line":72,"column":2},"end":{"line":72,"column":59}},"50":{"start":{"line":73,"column":2},"end":{"line":75,"column":3}},"51":{"start":{"line":74,"column":3},"end":{"line":74,"column":9}},"52":{"start":{"line":77,"column":1},"end":{"line":77,"column":13}}},"fnMap":{"0":{"name":"applyRegexValidation","decl":{"start":{"line":10,"column":16},"end":{"line":10,"column":36}},"loc":{"start":{"line":14,"column":21},"end":{"line":40,"column":1}}},"1":{"name":"(anonymous_1)","decl":{"start":{"line":42,"column":30},"end":{"line":42,"column":32}},"loc":{"start":{"line":42,"column":73},"end":{"line":46,"column":null}}},"2":{"name":"(anonymous_2)","decl":{"start":{"line":44,"column":7},"end":{"line":44,"column":8}},"loc":{"start":{"line":44,"column":12},"end":{"line":46,"column":4}}},"3":{"name":"route2Uri","decl":{"start":{"line":49,"column":16},"end":{"line":49,"column":25}},"loc":{"start":{"line":52,"column":21},"end":{"line":65,"column":1}}},"4":{"name":"trimUri","decl":{"start":{"line":68,"column":16},"end":{"line":68,"column":23}},"loc":{"start":{"line":68,"column":37},"end":{"line":78,"column":1}}}},"branchMap":{"0":{"loc":{"start":{"line":19,"column":55},"end":{"line":19,"column":85}},"type":"binary-expr","locations":[{"start":{"line":19,"column":55},"end":{"line":19,"column":68}},{"start":{"line":19,"column":72},"end":{"line":19,"column":85}}]},"1":{"loc":{"start":{"line":22,"column":3},"end":{"line":22,"column":52}},"type":"if","locations":[{"start":{"line":22,"column":3},"end":{"line":22,"column":52}}]},"2":{"loc":{"start":{"line":24,"column":3},"end":{"line":24,"column":55}},"type":"if","locations":[{"start":{"line":24,"column":3},"end":{"line":24,"column":55}}]},"3":{"loc":{"start":{"line":26,"column":3},"end":{"line":29,"column":4}},"type":"if","locations":[{"start":{"line":26,"column":3},"end":{"line":29,"column":4}}]},"4":{"loc":{"start":{"line":26,"column":7},"end":{"line":26,"column":40}},"type":"binary-expr","locations":[{"start":{"line":26,"column":7},"end":{"line":26,"column":17}},{"start":{"line":26,"column":21},"end":{"line":26,"column":40}}]},"5":{"loc":{"start":{"line":31,"column":3},"end":{"line":31,"column":56}},"type":"if","locations":[{"start":{"line":31,"column":3},"end":{"line":31,"column":56}}]},"6":{"loc":{"start":{"line":32,"column":3},"end":{"line":32,"column":54}},"type":"if","locations":[{"start":{"line":32,"column":3},"end":{"line":32,"column":54}}]},"7":{"loc":{"start":{"line":33,"column":3},"end":{"line":36,"column":4}},"type":"if","locations":[{"start":{"line":33,"column":3},"end":{"line":36,"column":4}}]},"8":{"loc":{"start":{"line":43,"column":1},"end":{"line":43,"column":52}},"type":"binary-expr","locations":[{"start":{"line":43,"column":1},"end":{"line":43,"column":46}},{"start":{"line":43,"column":50},"end":{"line":43,"column":52}}]},"9":{"loc":{"start":{"line":44,"column":12},"end":{"line":46,"column":4}},"type":"cond-expr","locations":[{"start":{"line":45,"column":3},"end":{"line":45,"column":29}},{"start":{"line":46,"column":3},"end":{"line":46,"column":4}}]},"10":{"loc":{"start":{"line":62,"column":8},"end":{"line":64,"column":8}},"type":"cond-expr","locations":[{"start":{"line":63,"column":4},"end":{"line":63,"column":60}},{"start":{"line":64,"column":4},"end":{"line":64,"column":8}}]},"11":{"loc":{"start":{"line":62,"column":8},"end":{"line":62,"column":62}},"type":"binary-expr","locations":[{"start":{"line":62,"column":8},"end":{"line":62,"column":31}},{"start":{"line":62,"column":35},"end":{"line":62,"column":62}}]},"12":{"loc":{"start":{"line":73,"column":2},"end":{"line":75,"column":3}},"type":"if","locations":[{"start":{"line":73,"column":2},"end":{"line":75,"column":3}}]}},"s":{"0":1,"1":1,"2":1,"3":1,"4":1,"5":1,"6":1,"7":29,"8":29,"9":15,"10":15,"11":15,"12":15,"13":24,"14":24,"15":24,"16":11,"17":24,"18":24,"19":9,"20":15,"21":15,"22":2,"23":2,"24":13,"25":13,"26":7,"27":13,"28":7,"29":13,"30":10,"31":10,"32":3,"33":1,"34":15,"35":42,"36":1,"37":23,"38":23,"39":23,"40":23,"41":23,"42":60,"43":23,"44":23,"45":23,"46":23,"47":23,"48":36,"49":36,"50":36,"51":23,"52":23},"f":{"0":29,"1":15,"2":42,"3":23,"4":23},"b":{"0":[24,24],"1":[11],"2":[9],"3":[2],"4":[15,11],"5":[7],"6":[7],"7":[10],"8":[15,3],"9":[1,41],"10":[3,20],"11":[23,5],"12":[23]}}
,"C:\\projects-js\\route-params-resolver\\src\\utils\\extract-path-info.ts": {"path":"C:\\projects-js\\route-params-resolver\\src\\utils\\extract-path-info.ts","statementMap":{"0":{"start":{"line":16,"column":1},"end":{"line":27,"column":2}},"1":{"start":{"line":16,"column":16},"end":{"line":16,"column":21}},"2":{"start":{"line":17,"column":2},"end":{"line":20,"column":3}},"3":{"start":{"line":18,"column":3},"end":{"line":18,"column":31}},"4":{"start":{"line":19,"column":3},"end":{"line":19,"column":12}},"5":{"start":{"line":21,"column":2},"end":{"line":26,"column":3}},"6":{"start":{"line":22,"column":3},"end":{"line":25,"column":5}},"7":{"start":{"line":28,"column":1},"end":{"line":28,"column":13}},"8":{"start":{"line":33,"column":12},"end":{"line":33,"column":29}},"9":{"start":{"line":34,"column":18},"end":{"line":34,"column":20}},"10":{"start":{"line":35,"column":25},"end":{"line":35,"column":27}},"11":{"start":{"line":36,"column":17},"end":{"line":36,"column":18}},"12":{"start":{"line":37,"column":1},"end":{"line":48,"column":17}},"13":{"start":{"line":38,"column":29},"end":{"line":38,"column":82}},"14":{"start":{"line":39,"column":2},"end":{"line":39,"column":65}},"15":{"start":{"line":39,"column":38},"end":{"line":39,"column":64}},"16":{"start":{"line":40,"column":26},"end":{"line":40,"column":44}},"17":{"start":{"line":41,"column":16},"end":{"line":41,"column":48}},"18":{"start":{"line":42,"column":2},"end":{"line":45,"column":5}},"19":{"start":{"line":46,"column":2},"end":{"line":46,"column":null}},"20":{"start":{"line":47,"column":2},"end":{"line":47,"column":19}},"21":{"start":{"line":51,"column":0},"end":{"line":51,"column":31}}},"fnMap":{"0":{"name":"manageParensStack","decl":{"start":{"line":11,"column":9},"end":{"line":11,"column":26}},"loc":{"start":{"line":14,"column":32},"end":{"line":29,"column":1}}},"1":{"name":"extractPathInfo","decl":{"start":{"line":32,"column":9},"end":{"line":32,"column":24}},"loc":{"start":{"line":32,"column":44},"end":{"line":49,"column":1}}}},"branchMap":{"0":{"loc":{"start":{"line":17,"column":2},"end":{"line":20,"column":3}},"type":"if","locations":[{"start":{"line":17,"column":2},"end":{"line":20,"column":3}}]},"1":{"loc":{"start":{"line":21,"column":2},"end":{"line":26,"column":3}},"type":"if","locations":[{"start":{"line":21,"column":2},"end":{"line":26,"column":3}}]},"2":{"loc":{"start":{"line":21,"column":6},"end":{"line":21,"column":51}},"type":"binary-expr","locations":[{"start":{"line":21,"column":6},"end":{"line":21,"column":25}},{"start":{"line":21,"column":29},"end":{"line":21,"column":51}}]},"3":{"loc":{"start":{"line":39,"column":2},"end":{"line":39,"column":65}},"type":"if","locations":[{"start":{"line":39,"column":2},"end":{"line":39,"column":65}}]}},"s":{"0":47,"1":47,"2":1169,"3":18,"4":18,"5":1151,"6":18,"7":29,"8":29,"9":29,"10":29,"11":29,"12":29,"13":47,"14":47,"15":29,"16":18,"17":18,"18":18,"19":18,"20":18,"21":1},"f":{"0":47,"1":29},"b":{"0":[18],"1":[18],"2":[1151,18],"3":[29]}}
}
