TN:
SF:src\helpers.ts
FN:10,applyRegexValidation
FN:42,(anonymous_1)
FN:44,(anonymous_2)
FN:49,route2Uri
FN:68,trimUri
FNF:5
FNH:5
FNDA:29,applyRegexValidation
FNDA:15,(anonymous_1)
FNDA:42,(anonymous_2)
FNDA:23,route2Uri
FNDA:23,trimUri
DA:3,1
DA:4,1
DA:6,1
DA:8,1
DA:10,1
DA:16,29
DA:17,29
DA:18,15
DA:19,15
DA:20,24
DA:21,24
DA:22,24
DA:23,24
DA:24,24
DA:25,15
DA:26,15
DA:27,2
DA:28,2
DA:30,13
DA:31,13
DA:32,13
DA:33,13
DA:34,10
DA:35,10
DA:37,3
DA:42,15
DA:44,42
DA:49,1
DA:54,23
DA:55,23
DA:56,23
DA:57,23
DA:58,60
DA:60,23
DA:61,23
DA:62,23
DA:68,1
DA:69,23
DA:70,23
DA:71,36
DA:72,36
DA:73,36
DA:74,23
DA:77,23
LF:44
LH:44
BRDA:19,0,0,24
BRDA:19,0,1,24
BRDA:22,1,0,11
BRDA:24,2,0,9
BRDA:26,3,0,2
BRDA:26,4,0,15
BRDA:26,4,1,11
BRDA:31,5,0,7
BRDA:32,6,0,7
BRDA:33,7,0,10
BRDA:43,8,0,15
BRDA:43,8,1,3
BRDA:44,9,0,1
BRDA:44,9,1,41
BRDA:62,10,0,3
BRDA:62,10,1,20
BRDA:62,11,0,23
BRDA:62,11,1,5
BRDA:73,12,0,23
BRF:19
BRH:19
end_of_record
TN:
SF:src\utils\extract-path-info.ts
FN:11,manageParensStack
FN:32,extractPathInfo
FNF:2
FNH:2
FNDA:47,manageParensStack
FNDA:29,extractPathInfo
DA:16,47
DA:17,1169
DA:18,18
DA:19,18
DA:21,1151
DA:22,18
DA:28,29
DA:33,29
DA:34,29
DA:35,29
DA:36,29
DA:37,29
DA:38,47
DA:39,47
DA:40,18
DA:41,18
DA:42,18
DA:46,18
DA:47,18
DA:51,1
LF:20
LH:20
BRDA:17,0,0,18
BRDA:21,1,0,18
BRDA:21,2,0,1151
BRDA:21,2,1,18
BRDA:39,3,0,29
BRF:5
BRH:5
end_of_record
